github.com/jlandowner/helm-chartsnap/main.go:54:				Debug				100.0%
github.com/jlandowner/helm-chartsnap/main.go:62:				Namespace			75.0%
github.com/jlandowner/helm-chartsnap/main.go:70:				HelmBin				75.0%
github.com/jlandowner/helm-chartsnap/main.go:78:				OK				66.7%
github.com/jlandowner/helm-chartsnap/main.go:86:				snapshotVersion			100.0%
github.com/jlandowner/helm-chartsnap/main.go:95:				overrideSnapshotConfig		100.0%
github.com/jlandowner/helm-chartsnap/main.go:104:				init				100.0%
github.com/jlandowner/helm-chartsnap/main.go:108:				initRootCmd			85.7%
github.com/jlandowner/helm-chartsnap/main.go:209:				main				0.0%
github.com/jlandowner/helm-chartsnap/main.go:216:				slogHandler			100.0%
github.com/jlandowner/helm-chartsnap/main.go:229:				loadSnapshotConfig		57.1%
github.com/jlandowner/helm-chartsnap/main.go:242:				run				90.6%
github.com/jlandowner/helm-chartsnap/main.go:370:				bannerPrintln			100.0%
github.com/jlandowner/helm-chartsnap/main.go:377:				printOptions			100.0%
github.com/jlandowner/helm-chartsnap/pkg/api/v1alpha1/header.go:13:		ToString			100.0%
github.com/jlandowner/helm-chartsnap/pkg/api/v1alpha1/header.go:17:		ParseHeader			100.0%
github.com/jlandowner/helm-chartsnap/pkg/api/v1alpha1/testspec.go:11:		FromFile			100.0%
github.com/jlandowner/helm-chartsnap/pkg/api/v1alpha1/testspec.go:47:		DynamicValue			100.0%
github.com/jlandowner/helm-chartsnap/pkg/api/v1alpha1/testspec.go:57:		Merge				100.0%
github.com/jlandowner/helm-chartsnap/pkg/api/v1alpha1/unknown_types.go:21:	NewUnknownError			100.0%
github.com/jlandowner/helm-chartsnap/pkg/api/v1alpha1/unknown_types.go:40:	Error				100.0%
github.com/jlandowner/helm-chartsnap/pkg/api/v1alpha1/unknown_types.go:44:	Unstructured			100.0%
github.com/jlandowner/helm-chartsnap/pkg/api/v1alpha1/unknown_types.go:57:	Node				100.0%
github.com/jlandowner/helm-chartsnap/pkg/api/v1alpha1/unknown_types.go:75:	String				100.0%
github.com/jlandowner/helm-chartsnap/pkg/api/v1alpha1/unknown_types.go:83:	MustString			75.0%
github.com/jlandowner/helm-chartsnap/pkg/charts/helm.go:19:			Args				100.0%
github.com/jlandowner/helm-chartsnap/pkg/charts/helm.go:35:			Execute				100.0%
github.com/jlandowner/helm-chartsnap/pkg/charts/snap.go:31:			SetLogger			100.0%
github.com/jlandowner/helm-chartsnap/pkg/charts/snap.go:37:			log				100.0%
github.com/jlandowner/helm-chartsnap/pkg/charts/snap.go:63:			prependSnapshotHeader		100.0%
github.com/jlandowner/helm-chartsnap/pkg/charts/snap.go:69:			getVersionFromSnapshotFile	66.7%
github.com/jlandowner/helm-chartsnap/pkg/charts/snap.go:79:			snapshotFilePath		100.0%
github.com/jlandowner/helm-chartsnap/pkg/charts/snap.go:87:			SnapshotFile			90.9%
github.com/jlandowner/helm-chartsnap/pkg/charts/snap.go:110:			Snap				92.7%
github.com/jlandowner/helm-chartsnap/pkg/charts/snap.go:186:			snapV1				81.2%
github.com/jlandowner/helm-chartsnap/pkg/charts/snap.go:223:			snapV2				82.4%
github.com/jlandowner/helm-chartsnap/pkg/charts/snap.go:257:			snapV3				75.0%
github.com/jlandowner/helm-chartsnap/pkg/charts/snap.go:292:			defaultSnapshotFilePath		100.0%
github.com/jlandowner/helm-chartsnap/pkg/charts/snap.go:306:			snapshotFileName		100.0%
github.com/jlandowner/helm-chartsnap/pkg/charts/snap.go:316:			snapshotFilePath		100.0%
github.com/jlandowner/helm-chartsnap/pkg/jsonpatch/jsonpatch.go:16:		DecodePatchKey			100.0%
github.com/jlandowner/helm-chartsnap/pkg/jsonpatch/jsonpatch.go:20:		SplitPathDecoded		100.0%
github.com/jlandowner/helm-chartsnap/pkg/snap/cachefs.go:21:			WriteFile			70.0%
github.com/jlandowner/helm-chartsnap/pkg/snap/cachefs.go:39:			ReadFile			78.6%
github.com/jlandowner/helm-chartsnap/pkg/snap/cachefs.go:63:			RemoveFile			100.0%
github.com/jlandowner/helm-chartsnap/pkg/snap/gomega/object_snapshot.go:9:	ObjectSnapshot			100.0%
github.com/jlandowner/helm-chartsnap/pkg/snap/gomega/object_snapshot.go:16:	RemoveDynamicFields		100.0%
github.com/jlandowner/helm-chartsnap/pkg/snap/gomega/snap.go:21:		MatchSnapShot			100.0%
github.com/jlandowner/helm-chartsnap/pkg/snap/snapshot.go:21:			SetLogger			0.0%
github.com/jlandowner/helm-chartsnap/pkg/snap/snapshot.go:27:			log				100.0%
github.com/jlandowner/helm-chartsnap/pkg/snap/snapshot.go:36:			defaultDiffFunc			71.4%
github.com/jlandowner/helm-chartsnap/pkg/snap/snapshot.go:51:			WithDiffFunc			100.0%
github.com/jlandowner/helm-chartsnap/pkg/snap/snapshot.go:58:			WithSnapshotID			100.0%
github.com/jlandowner/helm-chartsnap/pkg/snap/snapshot.go:65:			SnapshotMatcher			100.0%
github.com/jlandowner/helm-chartsnap/pkg/snap/snapshot.go:87:			Match				89.5%
github.com/jlandowner/helm-chartsnap/pkg/snap/snapshot.go:124:			FailureMessage			100.0%
github.com/jlandowner/helm-chartsnap/pkg/snap/snapshot.go:130:			NegatedFailureMessage		0.0%
github.com/jlandowner/helm-chartsnap/pkg/snap/snapshot.go:134:			readSnapshot			92.3%
github.com/jlandowner/helm-chartsnap/pkg/snap/snapshot.go:156:			writeSnapshot			72.2%
github.com/jlandowner/helm-chartsnap/pkg/snap/snapshot.go:194:			IsMultiSnapshots		80.0%
github.com/jlandowner/helm-chartsnap/pkg/snap/snapshot.go:203:			DecodeMultiSnapshots		85.7%
github.com/jlandowner/helm-chartsnap/pkg/snap/snapshot.go:215:			EncodeMultiSnapshots		83.3%
github.com/jlandowner/helm-chartsnap/pkg/unstructured/diff.go:12:		MergeDiffOptions		100.0%
github.com/jlandowner/helm-chartsnap/pkg/unstructured/diff.go:26:		Diff				100.0%
github.com/jlandowner/helm-chartsnap/pkg/unstructured/diff.go:107:		incrementLineN			100.0%
github.com/jlandowner/helm-chartsnap/pkg/unstructured/diff.go:115:		reset				100.0%
github.com/jlandowner/helm-chartsnap/pkg/unstructured/diff.go:121:		recordDiff			100.0%
github.com/jlandowner/helm-chartsnap/pkg/unstructured/diff.go:125:		stopDiff			100.0%
github.com/jlandowner/helm-chartsnap/pkg/unstructured/diff.go:129:		header				100.0%
github.com/jlandowner/helm-chartsnap/pkg/unstructured/diff.go:133:		numInRange			80.0%
github.com/jlandowner/helm-chartsnap/pkg/unstructured/diff.go:143:		printDiff			100.0%
github.com/jlandowner/helm-chartsnap/pkg/unstructured/diff.go:154:		printHeader			100.0%
github.com/jlandowner/helm-chartsnap/pkg/unstructured/diff.go:158:		findNextKind			80.0%
github.com/jlandowner/helm-chartsnap/pkg/unstructured/diff.go:168:		findNextName			87.5%
github.com/jlandowner/helm-chartsnap/pkg/unstructured/unstructured.go:26:	SetLogger			0.0%
github.com/jlandowner/helm-chartsnap/pkg/unstructured/unstructured.go:32:	log				100.0%
github.com/jlandowner/helm-chartsnap/pkg/unstructured/unstructured.go:41:	Encode				77.8%
github.com/jlandowner/helm-chartsnap/pkg/unstructured/unstructured.go:58:	Decode				77.3%
github.com/jlandowner/helm-chartsnap/pkg/unstructured/unstructured.go:92:	ApplyFixedValue			88.9%
github.com/jlandowner/helm-chartsnap/pkg/unstructured/unstructured.go:111:	Replace				75.0%
github.com/jlandowner/helm-chartsnap/pkg/unstructured/unstructured.go:134:	StringToUnstructured		100.0%
github.com/jlandowner/helm-chartsnap/pkg/unstructured/unstructured.go:138:	BytesToUnstructured		83.3%
github.com/jlandowner/helm-chartsnap/pkg/unstructured/unstructured.go:148:	UnstructuredToJSONBytes		100.0%
github.com/jlandowner/helm-chartsnap/pkg/unstructured/v1/legacy.go:16:		Encode				85.7%
github.com/jlandowner/helm-chartsnap/pkg/unstructured/v1/legacy.go:30:		findKind			83.3%
github.com/jlandowner/helm-chartsnap/pkg/unstructured/v1/legacy.go:42:		findName			90.0%
github.com/jlandowner/helm-chartsnap/pkg/unstructured/v1/legacy.go:63:		Diff				47.8%
github.com/jlandowner/helm-chartsnap/pkg/unstructured/v1/legacy.go:117:		intInRange			0.0%
github.com/jlandowner/helm-chartsnap/pkg/unstructured/v1/legacy.go:127:		diffString			0.0%
github.com/jlandowner/helm-chartsnap/pkg/yaml/diff.go:12:			MergeDiffOptions		100.0%
github.com/jlandowner/helm-chartsnap/pkg/yaml/diff.go:26:			Diff				92.1%
github.com/jlandowner/helm-chartsnap/pkg/yaml/diff.go:126:			incrementLineN			100.0%
github.com/jlandowner/helm-chartsnap/pkg/yaml/diff.go:134:			reset				100.0%
github.com/jlandowner/helm-chartsnap/pkg/yaml/diff.go:140:			recordDiff			100.0%
github.com/jlandowner/helm-chartsnap/pkg/yaml/diff.go:144:			stopDiff			100.0%
github.com/jlandowner/helm-chartsnap/pkg/yaml/diff.go:148:			header				100.0%
github.com/jlandowner/helm-chartsnap/pkg/yaml/diff.go:152:			numInRange			100.0%
github.com/jlandowner/helm-chartsnap/pkg/yaml/diff.go:162:			printDiff			100.0%
github.com/jlandowner/helm-chartsnap/pkg/yaml/diff.go:173:			printHeader			100.0%
github.com/jlandowner/helm-chartsnap/pkg/yaml/diff.go:177:			findNextKind			80.0%
github.com/jlandowner/helm-chartsnap/pkg/yaml/diff.go:187:			findNextName			87.5%
github.com/jlandowner/helm-chartsnap/pkg/yaml/yaml.go:23:			SetLogger			0.0%
github.com/jlandowner/helm-chartsnap/pkg/yaml/yaml.go:29:			log				100.0%
github.com/jlandowner/helm-chartsnap/pkg/yaml/yaml.go:38:			Encode				100.0%
github.com/jlandowner/helm-chartsnap/pkg/yaml/yaml.go:45:			Decode				80.0%
github.com/jlandowner/helm-chartsnap/pkg/yaml/yaml.go:62:			decode				100.0%
github.com/jlandowner/helm-chartsnap/pkg/yaml/yaml.go:71:			ApplyFixedValueToDynamicFieleds	87.5%
github.com/jlandowner/helm-chartsnap/pkg/yaml/yaml.go:89:			convertInvalidYAMLToUnknown	100.0%
github.com/jlandowner/helm-chartsnap/pkg/yaml/yaml.go:105:			convertToUnknownNode		100.0%
github.com/jlandowner/helm-chartsnap/pkg/yaml/yaml.go:126:			Replace				100.0%
total:										(statements)			85.9%
